<?xml version="1.0" encoding="UTF-8"?>
<!-- Generated by org.testng.reporters.JUnitReportReporter -->
<testsuite hostname="LAS120" failures="0" tests="1" name="RWSiteRbt.testng.DriverConf" time="0.003" errors="0" timestamp="7 Oct 2021 18:46:36 GMT">
  <testcase classname="RWSiteRbt.testng.DriverConf" name="f" time="0.003"/>
</testsuite> <!-- RWSiteRbt.testng.DriverConf -->
