<?xml version="1.0" encoding="UTF-8"?>
<!-- Generated by org.testng.reporters.JUnitReportReporter -->
<testsuite skipped="7" hostname="LAPTOP-F9EC64LI" name="RWSiteRbt.testng.NavigatingRwPagesTesting" tests="11" failures="0" timestamp="2021-10-28T21:41:35 CST" time="3.830" errors="0">
  <testcase name="reviewHomeExpertiseMenu" time="0.967" classname="RWSiteRbt.testng.NavigatingRwPagesTesting"/>
  <system-out/>
  <testcase name="reviewHomeExpertiseMenu" time="1.120" classname="RWSiteRbt.testng.NavigatingRwPagesTesting"/>
  <system-out/>
  <testcase name="reviewHomeExpertiseMenu" time="0.865" classname="RWSiteRbt.testng.NavigatingRwPagesTesting"/>
  <system-out/>
  <testcase name="reviewHomeExpertiseMenu" time="0.878" classname="RWSiteRbt.testng.NavigatingRwPagesTesting"/>
  <system-out/>
  <testcase name="scrollingFinancialPage" classname="RWSiteRbt.testng.NavigatingRwPagesTesting">
    <skipped/>
  </testcase> <!-- scrollingFinancialPage -->
  <system-out/>
  <testcase name="scrollingHomePage" classname="RWSiteRbt.testng.NavigatingRwPagesTesting">
    <skipped/>
  </testcase> <!-- scrollingHomePage -->
  <system-out/>
  <testcase name="scrollingHealthCarePage" classname="RWSiteRbt.testng.NavigatingRwPagesTesting">
    <skipped/>
  </testcase> <!-- scrollingHealthCarePage -->
  <system-out/>
  <testcase name="clickingClientsSayDots" classname="RWSiteRbt.testng.NavigatingRwPagesTesting">
    <skipped/>
  </testcase> <!-- clickingClientsSayDots -->
  <system-out/>
  <testcase name="scrollingCustomerEngagementSolutionPage" classname="RWSiteRbt.testng.NavigatingRwPagesTesting">
    <skipped/>
  </testcase> <!-- scrollingCustomerEngagementSolutionPage -->
  <system-out/>
  <testcase name="getinTouchPage" classname="RWSiteRbt.testng.NavigatingRwPagesTesting">
    <skipped/>
  </testcase> <!-- getinTouchPage -->
  <system-out/>
  <testcase name="scrollingOurApproachPage" classname="RWSiteRbt.testng.NavigatingRwPagesTesting">
    <skipped/>
  </testcase> <!-- scrollingOurApproachPage -->
  <system-out/>
</testsuite> <!-- RWSiteRbt.testng.NavigatingRwPagesTesting -->
