<?xml version="1.0" encoding="UTF-8"?>
<!-- Generated by org.testng.reporters.JUnitReportReporter -->
<testsuite skipped="8" hostname="LAPTOP-F9EC64LI" name="RWSiteRbt.testng.NavigatingRwPagesTesting" tests="12" failures="0" timestamp="2021-10-29T11:55:29 CST" time="9.471" errors="0">
  <testcase name="reviewMediaButtons" time="2.678" classname="RWSiteRbt.testng.NavigatingRwPagesTesting"/>
  <system-out/>
  <testcase name="reviewMediaButtons" time="2.423" classname="RWSiteRbt.testng.NavigatingRwPagesTesting"/>
  <system-out/>
  <testcase name="reviewMediaButtons" time="1.457" classname="RWSiteRbt.testng.NavigatingRwPagesTesting"/>
  <system-out/>
  <testcase name="reviewMediaButtons" time="2.913" classname="RWSiteRbt.testng.NavigatingRwPagesTesting"/>
  <system-out/>
  <testcase name="scrollingFinancialPage" classname="RWSiteRbt.testng.NavigatingRwPagesTesting">
    <skipped/>
  </testcase> <!-- scrollingFinancialPage -->
  <system-out/>
  <testcase name="reviewHomeExpertiseMenu" classname="RWSiteRbt.testng.NavigatingRwPagesTesting">
    <skipped/>
  </testcase> <!-- reviewHomeExpertiseMenu -->
  <system-out/>
  <testcase name="scrollingHomePage" classname="RWSiteRbt.testng.NavigatingRwPagesTesting">
    <skipped/>
  </testcase> <!-- scrollingHomePage -->
  <system-out/>
  <testcase name="scrollingHealthCarePage" classname="RWSiteRbt.testng.NavigatingRwPagesTesting">
    <skipped/>
  </testcase> <!-- scrollingHealthCarePage -->
  <system-out/>
  <testcase name="clickingClientsSayDots" classname="RWSiteRbt.testng.NavigatingRwPagesTesting">
    <skipped/>
  </testcase> <!-- clickingClientsSayDots -->
  <system-out/>
  <testcase name="scrollingCustomerEngagementSolutionPage" classname="RWSiteRbt.testng.NavigatingRwPagesTesting">
    <skipped/>
  </testcase> <!-- scrollingCustomerEngagementSolutionPage -->
  <system-out/>
  <testcase name="getinTouchPage" classname="RWSiteRbt.testng.NavigatingRwPagesTesting">
    <skipped/>
  </testcase> <!-- getinTouchPage -->
  <system-out/>
  <testcase name="scrollingOurApproachPage" classname="RWSiteRbt.testng.NavigatingRwPagesTesting">
    <skipped/>
  </testcase> <!-- scrollingOurApproachPage -->
  <system-out/>
</testsuite> <!-- RWSiteRbt.testng.NavigatingRwPagesTesting -->
