<?xml version="1.0" encoding="UTF-8"?>
<!-- Generated by org.testng.reporters.JUnitReportReporter -->
<testsuite skipped="0" hostname="LAPTOP-F9EC64LI" name="RWSiteRbt.testng.HomePageTesting" tests="1" failures="0" timestamp="2021-10-27T11:37:35 CST" time="2.073" errors="0">
  <testcase name="scrollingHomePage" time="2.073" classname="RWSiteRbt.testng.HomePageTesting"/>
  <system-out/>
</testsuite> <!-- RWSiteRbt.testng.HomePageTesting -->
